<?xml version="1.0" encoding="UTF-8"?>
<!-- Generated by org.testng.reporters.JUnitXMLReporter -->
<testsuite ignored="0" hostname="DESKTOP-QUSVQOE" failures="0" tests="2" name="Default test" time="16.303" errors="0" timestamp="2024-05-21T13:18:12 IST">
  <testcase classname="Banking_parabank_Test.Register_Account_Test01" name="launch_Url" time="5.043"/>
  <testcase classname="Banking_parabank_Test.Register_Account_Test01" name="Test_Register_account" time="2.637"/>
</testsuite> <!-- Default test -->
